<?xml version="1.0" encoding="UTF-8"?>
<!-- Generated by org.testng.reporters.JUnitReportReporter -->
<testsuite skipped="0" hostname="vasii" name="testRunner.Runner" tests="1" failures="0" timestamp="2022-12-27T14:48:26 IST" time="14.384" errors="0">
  <testcase name="Test1" time="14.384" classname="testRunner.Runner"/>
  <system-out/>
</testsuite> <!-- testRunner.Runner -->
