<?xml version="1.0" encoding="UTF-8"?>
<!-- Generated by org.testng.reporters.JUnitReportReporter -->
<testsuite skipped="0" hostname="vasii" name="testRunner.TestCase2" tests="1" failures="0" timestamp="2022-12-27T14:48:26 IST" time="158.816" errors="0">
  <testcase name="TC2" time="158.816" classname="testRunner.TestCase2"/>
  <system-out/>
</testsuite> <!-- testRunner.TestCase2 -->
