<?xml version="1.0" encoding="UTF-8"?>
<!-- Generated by org.testng.reporters.JUnitReportReporter -->
<testsuite skipped="0" hostname="vasii" name="testRunner.TestCase3" tests="1" failures="0" timestamp="2022-12-27T14:48:26 IST" time="68.612" errors="0">
  <testcase name="TC3" time="68.612" classname="testRunner.TestCase3"/>
  <system-out/>
</testsuite> <!-- testRunner.TestCase3 -->
